<?xml version="1.0" encoding="UTF-8"?>
<!-- Generated by org.testng.reporters.JUnitXMLReporter -->
<testsuite ignored="2" hostname="LAPTOP-4FN0AGO1" failures="0" tests="9" name="sanity" time="11.257" errors="0" timestamp="2023-03-14T10:00:53 IST">
  <testcase classname="TestNGAll.PriorityKeywords" name="test" time="0.0">
    <skipped/>
  </testcase> <!-- test -->
  <testcase classname="TestNGAll.PriorityKeywords" name="test1" time="0.0">
    <skipped/>
  </testcase> <!-- test1 -->
  <testcase classname="TestNGAll.PriorityKeywords" name="test1" time="0.0">
    <skipped/>
  </testcase> <!-- test1 -->
  <testcase classname="TestNGAll.PriorityKeywords" name="test1" time="0.0">
    <skipped/>
  </testcase> <!-- test1 -->
  <testcase classname="TestNGAll.PriorityKeywords" name="test3" time="0.0">
    <skipped/>
  </testcase> <!-- test3 -->
  <testcase classname="TestNGAll.TestNgAnotation" name="test1" time="0.0">
    <skipped/>
  </testcase> <!-- test1 -->
  <testcase classname="TestNGAll.TestNgAnotation" name="test2" time="0.0">
    <skipped/>
  </testcase> <!-- test2 -->
  <testcase classname="basic.FacebookLoginTestCasePOM" name="ValidateLoginFacebookWithInvaliedUsernameAndInvaliedPassword" time="0.001">
    <skipped/>
  </testcase> <!-- ValidateLoginFacebookWithInvaliedUsernameAndInvaliedPassword -->
  <testcase classname="basic.FacebookLoginTestCasePOM" name="ValidateLoginFacebookWithValiedUsernameAndInvaliedPassword" time="0.0">
    <skipped/>
  </testcase> <!-- ValidateLoginFacebookWithValiedUsernameAndInvaliedPassword -->
  <testcase classname="basic.FacebookLoginTestCasePOM" name="ValidateLoginFacebookWithValiedUsernameAndPassword" time="0.0">
    <ignored/>
  </testcase> <!-- ValidateLoginFacebookWithValiedUsernameAndPassword -->
  <testcase classname="TestNGAll.PriorityKeywords" name="test2" time="0.0">
    <ignored/>
  </testcase> <!-- test2 -->
</testsuite> <!-- sanity -->
