<?xml version="1.0" encoding="UTF-8"?>
<!-- Generated by org.testng.reporters.JUnitXMLReporter -->
<testsuite ignored="1" hostname="LAPTOP-4FN0AGO1" failures="1" tests="16" name="test" time="2.144" errors="0" timestamp="2023-03-11T20:35:58 IST">
  <testcase classname="TestNGAll.PrioritySet" name="test2" time="0.007"/>
  <testcase classname="TestNGAll.PrioritySet" name="test1" time="0.002"/>
  <testcase classname="TestNGAll.PrioritySet" name="test3" time="0.003"/>
  <testcase classname="TestNGAll.PrioritySet" name="test3" time="0.001"/>
  <testcase classname="TestNGAll.PrioritySet" name="test3" time="0.001"/>
  <testcase classname="TestNGAll.PrioritySet" name="test4" time="0.001"/>
  <testcase classname="TestNGAll.PriorityToCheck" name="test1" time="0.004"/>
  <testcase classname="TestNGAll.PriorityToCheck" name="test2" time="0.002"/>
  <testcase classname="TestNGAll.PriorityToCheck" name="test4" time="0.001"/>
  <testcase classname="TestNGAll.PriorityKeywords" name="test" time="2.017">
    <failure type="org.testng.internal.thread.ThreadTimeoutException" message="Method TestNGAll.PriorityKeywords.test() didn&amp;apos;t finish within the time-out 2000">
      <![CDATA[org.testng.internal.thread.ThreadTimeoutException: Method TestNGAll.PriorityKeywords.test() didn't finish within the time-out 2000
at java.base@17.0.5/java.lang.Thread.sleep(Native Method)
at app//TestNGAll.PriorityKeywords.test(PriorityKeywords.java:13)
at java.base@17.0.5/java.util.concurrent.FutureTask.run(FutureTask.java:264)
at java.base@17.0.5/java.util.concurrent.ThreadPoolExecutor.runWorker(ThreadPoolExecutor.java:1136)
at java.base@17.0.5/java.util.concurrent.ThreadPoolExecutor$Worker.run(ThreadPoolExecutor.java:635)
at java.base@17.0.5/java.lang.Thread.run(Thread.java:833)
... Removed 8 stack frames]]>
    </failure>
  </testcase> <!-- test -->
  <testcase classname="TestNGAll.PriorityKeywords" name="test1" time="0.002"/>
  <testcase classname="TestNGAll.PriorityKeywords" name="test1" time="0.001"/>
  <testcase classname="TestNGAll.PriorityKeywords" name="test1" time="0.001"/>
  <testcase classname="TestNGAll.PriorityKeywords" name="test3" time="0.0">
    <skipped/>
  </testcase> <!-- test3 -->
  <testcase classname="TestNGAll.TestNgAnotation" name="test1" time="0.001"/>
  <testcase classname="TestNGAll.TestNgAnotation" name="test2" time="0.0"/>
  <testcase classname="TestNGAll.PriorityKeywords" name="test2" time="0.0">
    <ignored/>
  </testcase> <!-- test2 -->
</testsuite> <!-- test -->
